<?xml version="1.0" encoding="UTF-8"?>
<!-- Generated by org.testng.reporters.JUnitReportReporter -->
<testsuite hostname="Dilhumars-MBP.lan1" name="com.OrangeHRM.tests.HomePageTest" tests="4" failures="0" timestamp="7 Oct 2020 15:38:43 GMT" time="15.301" errors="0">
  <testcase name="verifyHomePageHeader" time="3.690" classname="com.OrangeHRM.tests.HomePageTest"/>
  <testcase name="verifyLoggedInUserTest" time="3.497" classname="com.OrangeHRM.tests.HomePageTest"/>
  <testcase name="verifyAuthentication" time="4.349" classname="com.OrangeHRM.tests.HomePageTest"/>
  <testcase name="verifyHomePageTitle" time="3.765" classname="com.OrangeHRM.tests.HomePageTest"/>
</testsuite> <!-- com.OrangeHRM.tests.HomePageTest -->
