<?xml version="1.0" encoding="UTF-8"?>
<!-- Generated by org.testng.reporters.JUnitReportReporter -->
<testsuite skipped="0" hostname="Dilhumars-MacBook-Pro.local" name="com.qa.orangehrm.tests.LoginPageTest" tests="14" failures="0" timestamp="2020-11-04T16:27:54 EST" time="287.884" errors="0">
  <testcase name="verifyLoginPageTitle" time="48.307" classname="com.qa.orangehrm.tests.LoginPageTest"/>
  <system-out/>
  <testcase name="verifyLoginPageTitle" time="37.040" classname="com.qa.orangehrm.tests.LoginPageTest"/>
  <system-out/>
  <testcase name="verifyForgetPassLink" time="20.569" classname="com.qa.orangehrm.tests.LoginPageTest"/>
  <system-out/>
  <testcase name="verifyForgetPassLink" time="15.478" classname="com.qa.orangehrm.tests.LoginPageTest"/>
  <system-out/>
  <testcase name="loginTest" time="13.357" classname="com.qa.orangehrm.tests.LoginPageTest"/>
  <system-out/>
  <testcase name="loginTest" time="32.479" classname="com.qa.orangehrm.tests.LoginPageTest"/>
  <system-out/>
  <testcase name="login_InvalidTestCase" time="11.660" classname="com.qa.orangehrm.tests.LoginPageTest"/>
  <system-out/>
  <testcase name="login_InvalidTestCase" time="10.087" classname="com.qa.orangehrm.tests.LoginPageTest"/>
  <system-out/>
  <testcase name="login_InvalidTestCase" time="10.283" classname="com.qa.orangehrm.tests.LoginPageTest"/>
  <system-out/>
  <testcase name="login_InvalidTestCase" time="24.002" classname="com.qa.orangehrm.tests.LoginPageTest"/>
  <system-out/>
  <testcase name="login_InvalidTestCase" time="20.474" classname="com.qa.orangehrm.tests.LoginPageTest"/>
  <system-out/>
  <testcase name="login_InvalidTestCase" time="19.032" classname="com.qa.orangehrm.tests.LoginPageTest"/>
  <system-out/>
  <testcase name="login_InvalidTestCase" time="13.470" classname="com.qa.orangehrm.tests.LoginPageTest"/>
  <system-out/>
  <testcase name="login_InvalidTestCase" time="11.646" classname="com.qa.orangehrm.tests.LoginPageTest"/>
  <system-out/>
</testsuite> <!-- com.qa.orangehrm.tests.LoginPageTest -->
