<?xml version="1.0" encoding="UTF-8"?>
<!-- Generated by org.testng.reporters.JUnitReportReporter -->
<testsuite hostname="Dilhumars-MBP.lan1" name="com.OrangeHRM.tests.LoginPageTest" tests="3" failures="0" timestamp="7 Oct 2020 15:38:08 GMT" time="10.475" errors="0">
  <testcase name="verifyLoginPageTitleTest" time="2.019" classname="com.OrangeHRM.tests.LoginPageTest"/>
  <testcase name="loginTest" time="3.688" classname="com.OrangeHRM.tests.LoginPageTest"/>
  <testcase name="verifySignUpLink" time="4.768" classname="com.OrangeHRM.tests.LoginPageTest"/>
</testsuite> <!-- com.OrangeHRM.tests.LoginPageTest -->
