<?xml version="1.0" encoding="UTF-8"?>
<!-- Generated by org.testng.reporters.JUnitReportReporter -->
<testsuite skipped="0" hostname="Dilhumars-MacBook-Pro.local" name="com.qa.orangehrm.tests.AddEmployeeTest" tests="4" failures="0" timestamp="2020-10-19T11:53:54 EDT" time="163.717" errors="0">
  <testcase name="addEmployeeTest" time="72.169" classname="com.qa.orangehrm.tests.AddEmployeeTest"/>
  <system-out/>
  <testcase name="addEmployeeTest" time="9.789" classname="com.qa.orangehrm.tests.AddEmployeeTest"/>
  <system-out/>
  <testcase name="addEmployeeTest" time="74.017" classname="com.qa.orangehrm.tests.AddEmployeeTest"/>
  <system-out/>
  <testcase name="addEmployeeTest" time="7.742" classname="com.qa.orangehrm.tests.AddEmployeeTest"/>
  <system-out/>
</testsuite> <!-- com.qa.orangehrm.tests.AddEmployeeTest -->
