<?xml version="1.0" encoding="UTF-8"?>
<!-- Generated by org.testng.reporters.JUnitReportReporter -->
<testsuite hostname="Dilhumars-MacBook-Pro.local" failures="0" tests="2" name="com.qa.orangehrm.tests.LoginPageTest" time="7.422" errors="0" timestamp="14 Oct 2020 19:59:26 GMT" skipped="1">
  <testcase classname="com.qa.orangehrm.tests.LoginPageTest" name="loginTest" time="7.422"/>
  <testcase classname="com.qa.orangehrm.tests.LoginPageTest" name="login_InvalidTestCase">
    <skipped/>
  </testcase> <!-- login_InvalidTestCase -->
</testsuite> <!-- com.qa.orangehrm.tests.LoginPageTest -->
