<?xml version="1.0" encoding="UTF-8"?>
<!-- Generated by org.testng.reporters.JUnitReportReporter -->
<testsuite hostname="Dilhumars-MacBook-Pro.local" failures="0" tests="1" name="com.qa.orangehrm.tests.HomePageTest" time="6.855" errors="0" timestamp="14 Oct 2020 19:58:04 GMT" skipped="0">
  <testcase classname="com.qa.orangehrm.tests.HomePageTest" name="verifyHomePageTitle" time="6.855"/>
</testsuite> <!-- com.qa.orangehrm.tests.HomePageTest -->
